<?xml version="1.0" encoding="UTF-8"?>
<coverage generated="1702948313504" clover="3.2.0">
  <project timestamp="1702948313504" name="All files">
    <metrics statements="60" coveredstatements="12" conditionals="6" coveredconditionals="6" methods="16" coveredmethods="1" elements="82" coveredelements="19" complexity="0" loc="60" ncloc="60" packages="11" files="21" classes="21"/>
    <package name="src">
      <metrics statements="5" coveredstatements="0" conditionals="0" coveredconditionals="0" methods="3" coveredmethods="0"/>
      <file name="App.tsx" path="/Users/nguyennhatquang/ManagerFolder/Outside/Outside/manage-task-web/src/App.tsx">
        <metrics statements="2" coveredstatements="0" conditionals="0" coveredconditionals="0" methods="2" coveredmethods="0"/>
        <line num="10" count="0" type="stmt"/>
        <line num="21" count="0" type="stmt"/>
      </file>
      <file name="main.tsx" path="/Users/nguyennhatquang/ManagerFolder/Outside/Outside/manage-task-web/src/main.tsx">
        <metrics statements="1" coveredstatements="0" conditionals="0" coveredconditionals="0" methods="0" coveredmethods="0"/>
        <line num="9" count="0" type="stmt"/>
      </file>
      <file name="theme.ts" path="/Users/nguyennhatquang/ManagerFolder/Outside/Outside/manage-task-web/src/theme.ts">
        <metrics statements="2" coveredstatements="0" conditionals="0" coveredconditionals="0" methods="1" coveredmethods="0"/>
        <line num="16" count="0" type="stmt"/>
        <line num="48" count="0" type="stmt"/>
      </file>
      <file name="vite-env.d.ts" path="/Users/nguyennhatquang/ManagerFolder/Outside/Outside/manage-task-web/src/vite-env.d.ts">
        <metrics statements="0" coveredstatements="0" conditionals="0" coveredconditionals="0" methods="0" coveredmethods="0"/>
      </file>
    </package>
    <package name="src.components.atoms.Boxs">
      <metrics statements="4" coveredstatements="0" conditionals="0" coveredconditionals="0" methods="2" coveredmethods="0"/>
      <file name="HBox.tsx" path="/Users/nguyennhatquang/ManagerFolder/Outside/Outside/manage-task-web/src/components/atoms/Boxs/HBox.tsx">
        <metrics statements="2" coveredstatements="0" conditionals="0" coveredconditionals="0" methods="1" coveredmethods="0"/>
        <line num="5" count="0" type="stmt"/>
        <line num="6" count="0" type="stmt"/>
      </file>
      <file name="VBox.tsx" path="/Users/nguyennhatquang/ManagerFolder/Outside/Outside/manage-task-web/src/components/atoms/Boxs/VBox.tsx">
        <metrics statements="2" coveredstatements="0" conditionals="0" coveredconditionals="0" methods="1" coveredmethods="0"/>
        <line num="5" count="0" type="stmt"/>
        <line num="6" count="0" type="stmt"/>
      </file>
      <file name="index.tsx" path="/Users/nguyennhatquang/ManagerFolder/Outside/Outside/manage-task-web/src/components/atoms/Boxs/index.tsx">
        <metrics statements="0" coveredstatements="0" conditionals="0" coveredconditionals="0" methods="0" coveredmethods="0"/>
      </file>
    </package>
    <package name="src.mocks">
      <metrics statements="10" coveredstatements="0" conditionals="0" coveredconditionals="0" methods="0" coveredmethods="0"/>
      <file name="schedule.ts" path="/Users/nguyennhatquang/ManagerFolder/Outside/Outside/manage-task-web/src/mocks/schedule.ts">
        <metrics statements="10" coveredstatements="0" conditionals="0" coveredconditionals="0" methods="0" coveredmethods="0"/>
        <line num="5" count="0" type="stmt"/>
        <line num="8" count="0" type="stmt"/>
        <line num="9" count="0" type="stmt"/>
        <line num="10" count="0" type="stmt"/>
        <line num="11" count="0" type="stmt"/>
        <line num="13" count="0" type="stmt"/>
        <line num="28" count="0" type="stmt"/>
        <line num="47" count="0" type="stmt"/>
        <line num="74" count="0" type="stmt"/>
        <line num="101" count="0" type="stmt"/>
      </file>
    </package>
    <package name="src.pages.ProjectSchedulePage">
      <metrics statements="3" coveredstatements="0" conditionals="0" coveredconditionals="0" methods="1" coveredmethods="0"/>
      <file name="index.tsx" path="/Users/nguyennhatquang/ManagerFolder/Outside/Outside/manage-task-web/src/pages/ProjectSchedulePage/index.tsx">
        <metrics statements="3" coveredstatements="0" conditionals="0" coveredconditionals="0" methods="1" coveredmethods="0"/>
        <line num="4" count="0" type="stmt"/>
        <line num="6" count="0" type="stmt"/>
        <line num="7" count="0" type="stmt"/>
      </file>
    </package>
    <package name="src.pages.ProjectSchedulePage.component.molecules.RadioButtonDate">
      <metrics statements="5" coveredstatements="0" conditionals="0" coveredconditionals="0" methods="3" coveredmethods="0"/>
      <file name="index.tsx" path="/Users/nguyennhatquang/ManagerFolder/Outside/Outside/manage-task-web/src/pages/ProjectSchedulePage/component/molecules/RadioButtonDate/index.tsx">
        <metrics statements="5" coveredstatements="0" conditionals="0" coveredconditionals="0" methods="3" coveredmethods="0"/>
        <line num="12" count="0" type="stmt"/>
        <line num="36" count="0" type="stmt"/>
        <line num="42" count="0" type="stmt"/>
        <line num="47" count="0" type="stmt"/>
        <line num="52" count="0" type="stmt"/>
      </file>
    </package>
    <package name="src.pages.ProjectSchedulePage.component.templates.ScheduleTimeline">
      <metrics statements="12" coveredstatements="0" conditionals="0" coveredconditionals="0" methods="3" coveredmethods="0"/>
      <file name="index.tsx" path="/Users/nguyennhatquang/ManagerFolder/Outside/Outside/manage-task-web/src/pages/ProjectSchedulePage/component/templates/ScheduleTimeline/index.tsx">
        <metrics statements="12" coveredstatements="0" conditionals="0" coveredconditionals="0" methods="3" coveredmethods="0"/>
        <line num="13" count="0" type="stmt"/>
        <line num="15" count="0" type="stmt"/>
        <line num="17" count="0" type="stmt"/>
        <line num="22" count="0" type="stmt"/>
        <line num="24" count="0" type="stmt"/>
        <line num="26" count="0" type="stmt"/>
        <line num="27" count="0" type="stmt"/>
        <line num="29" count="0" type="stmt"/>
        <line num="30" count="0" type="stmt"/>
        <line num="32" count="0" type="stmt"/>
        <line num="42" count="0" type="stmt"/>
        <line num="54" count="0" type="stmt"/>
      </file>
    </package>
    <package name="src.pages.ProjectSchedulePage.services.types">
      <metrics statements="0" coveredstatements="0" conditionals="0" coveredconditionals="0" methods="0" coveredmethods="0"/>
      <file name="scheduleTimeline.ts" path="/Users/nguyennhatquang/ManagerFolder/Outside/Outside/manage-task-web/src/pages/ProjectSchedulePage/services/types/scheduleTimeline.ts">
        <metrics statements="0" coveredstatements="0" conditionals="0" coveredconditionals="0" methods="0" coveredmethods="0"/>
      </file>
    </package>
    <package name="src.store">
      <metrics statements="6" coveredstatements="0" conditionals="0" coveredconditionals="0" methods="1" coveredmethods="0"/>
      <file name="hooks.ts" path="/Users/nguyennhatquang/ManagerFolder/Outside/Outside/manage-task-web/src/store/hooks.ts">
        <metrics statements="2" coveredstatements="0" conditionals="0" coveredconditionals="0" methods="0" coveredmethods="0"/>
        <line num="5" count="0" type="stmt"/>
        <line num="6" count="0" type="stmt"/>
      </file>
      <file name="index.ts" path="/Users/nguyennhatquang/ManagerFolder/Outside/Outside/manage-task-web/src/store/index.ts">
        <metrics statements="4" coveredstatements="0" conditionals="0" coveredconditionals="0" methods="1" coveredmethods="0"/>
        <line num="6" count="0" type="stmt"/>
        <line num="7" count="0" type="stmt"/>
        <line num="10" count="0" type="stmt"/>
        <line num="14" count="0" type="stmt"/>
      </file>
    </package>
    <package name="src.store.root">
      <metrics statements="2" coveredstatements="0" conditionals="0" coveredconditionals="0" methods="1" coveredmethods="0"/>
      <file name="index.ts" path="/Users/nguyennhatquang/ManagerFolder/Outside/Outside/manage-task-web/src/store/root/index.ts">
        <metrics statements="0" coveredstatements="0" conditionals="0" coveredconditionals="0" methods="0" coveredmethods="0"/>
      </file>
      <file name="reducers.ts" path="/Users/nguyennhatquang/ManagerFolder/Outside/Outside/manage-task-web/src/store/root/reducers.ts">
        <metrics statements="1" coveredstatements="0" conditionals="0" coveredconditionals="0" methods="0" coveredmethods="0"/>
        <line num="2" count="0" type="stmt"/>
      </file>
      <file name="sagas.ts" path="/Users/nguyennhatquang/ManagerFolder/Outside/Outside/manage-task-web/src/store/root/sagas.ts">
        <metrics statements="1" coveredstatements="0" conditionals="0" coveredconditionals="0" methods="1" coveredmethods="0"/>
        <line num="4" count="0" type="stmt"/>
      </file>
    </package>
    <package name="src.types">
      <metrics statements="0" coveredstatements="0" conditionals="0" coveredconditionals="0" methods="0" coveredmethods="0"/>
      <file name="date.ts" path="/Users/nguyennhatquang/ManagerFolder/Outside/Outside/manage-task-web/src/types/date.ts">
        <metrics statements="0" coveredstatements="0" conditionals="0" coveredconditionals="0" methods="0" coveredmethods="0"/>
      </file>
    </package>
    <package name="src.utils">
      <metrics statements="13" coveredstatements="12" conditionals="6" coveredconditionals="6" methods="2" coveredmethods="1"/>
      <file name="constants.ts" path="/Users/nguyennhatquang/ManagerFolder/Outside/Outside/manage-task-web/src/utils/constants.ts">
        <metrics statements="2" coveredstatements="2" conditionals="0" coveredconditionals="0" methods="0" coveredmethods="0"/>
        <line num="3" count="1" type="stmt"/>
        <line num="5" count="1" type="stmt"/>
      </file>
      <file name="date.ts" path="/Users/nguyennhatquang/ManagerFolder/Outside/Outside/manage-task-web/src/utils/date.ts">
        <metrics statements="11" coveredstatements="10" conditionals="6" coveredconditionals="6" methods="2" coveredmethods="1"/>
        <line num="9" count="1" type="stmt"/>
        <line num="10" count="0" type="stmt"/>
        <line num="20" count="1" type="stmt"/>
        <line num="21" count="4" type="cond" truecount="2" falsecount="0"/>
        <line num="23" count="3" type="cond" truecount="2" falsecount="0"/>
        <line num="25" count="2" type="stmt"/>
        <line num="26" count="2" type="stmt"/>
        <line num="28" count="2" type="stmt"/>
        <line num="29" count="6" type="stmt"/>
        <line num="30" count="6" type="cond" truecount="2" falsecount="0"/>
        <line num="33" count="2" type="stmt"/>
      </file>
      <file name="sorts.ts" path="/Users/nguyennhatquang/ManagerFolder/Outside/Outside/manage-task-web/src/utils/sorts.ts">
        <metrics statements="0" coveredstatements="0" conditionals="0" coveredconditionals="0" methods="0" coveredmethods="0"/>
      </file>
    </package>
  </project>
</coverage>
