{"/Users/nguyennhatquang/ManagerFolder/Outside/Outside/manage-task-web/src/App.tsx": {"path":"/Users/nguyennhatquang/ManagerFolder/Outside/Outside/manage-task-web/src/App.tsx","statementMap":{"0":{"start":{"line":10,"column":4},"end":{"line":18,"column":6}},"1":{"start":{"line":21,"column":2},"end":{"line":25,"column":4}}},"fnMap":{"0":{"name":"App","decl":{"start":{"line":7,"column":9},"end":{"line":7,"column":12}},"loc":{"start":{"line":7,"column":15},"end":{"line":26,"column":1}},"line":7},"1":{"name":"AppUI","decl":{"start":{"line":9,"column":11},"end":{"line":9,"column":16}},"loc":{"start":{"line":9,"column":19},"end":{"line":19,"column":3}},"line":9}},"branchMap":{},"s":{"0":0,"1":0},"f":{"0":0,"1":0},"b":{}}
,"/Users/nguyennhatquang/ManagerFolder/Outside/Outside/manage-task-web/src/main.tsx": {"path":"/Users/nguyennhatquang/ManagerFolder/Outside/Outside/manage-task-web/src/main.tsx","statementMap":{"0":{"start":{"line":9,"column":0},"end":{"line":16,"column":2}}},"fnMap":{},"branchMap":{},"s":{"0":0},"f":{},"b":{}}
,"/Users/nguyennhatquang/ManagerFolder/Outside/Outside/manage-task-web/src/theme.ts": {"path":"/Users/nguyennhatquang/ManagerFolder/Outside/Outside/manage-task-web/src/theme.ts","statementMap":{"0":{"start":{"line":65,"column":14},"end":{"line":159,"column":2}},"1":{"start":{"line":115,"column":28},"end":{"line":131,"column":9}},"2":{"start":{"line":152,"column":28},"end":{"line":155,"column":9}}},"fnMap":{"0":{"name":"(anonymous_0)","decl":{"start":{"line":115,"column":14},"end":{"line":115,"column":15}},"loc":{"start":{"line":115,"column":28},"end":{"line":131,"column":9}},"line":115},"1":{"name":"(anonymous_1)","decl":{"start":{"line":152,"column":14},"end":{"line":152,"column":15}},"loc":{"start":{"line":152,"column":28},"end":{"line":155,"column":9}},"line":152}},"branchMap":{},"s":{"0":0,"1":0,"2":0},"f":{"0":0,"1":0},"b":{}}
,"/Users/nguyennhatquang/ManagerFolder/Outside/Outside/manage-task-web/src/vite-env.d.ts": {"path":"/Users/nguyennhatquang/ManagerFolder/Outside/Outside/manage-task-web/src/vite-env.d.ts","statementMap":{},"fnMap":{},"branchMap":{},"s":{},"f":{},"b":{}}
,"/Users/nguyennhatquang/ManagerFolder/Outside/Outside/manage-task-web/src/assets/svg/IconTag.tsx": {"path":"/Users/nguyennhatquang/ManagerFolder/Outside/Outside/manage-task-web/src/assets/svg/IconTag.tsx","statementMap":{"0":{"start":{"line":1,"column":16},"end":{"line":5,"column":1}},"1":{"start":{"line":2,"column":2},"end":{"line":4,"column":4}}},"fnMap":{"0":{"name":"(anonymous_0)","decl":{"start":{"line":1,"column":16},"end":{"line":1,"column":17}},"loc":{"start":{"line":1,"column":22},"end":{"line":5,"column":1}},"line":1}},"branchMap":{},"s":{"0":0,"1":0},"f":{"0":0},"b":{}}
,"/Users/nguyennhatquang/ManagerFolder/Outside/Outside/manage-task-web/src/components/atoms/Boxes/HBox.tsx": {"path":"/Users/nguyennhatquang/ManagerFolder/Outside/Outside/manage-task-web/src/components/atoms/Boxes/HBox.tsx","statementMap":{"0":{"start":{"line":5,"column":13},"end":{"line":17,"column":1}},"1":{"start":{"line":6,"column":2},"end":{"line":16,"column":4}}},"fnMap":{"0":{"name":"(anonymous_0)","decl":{"start":{"line":5,"column":13},"end":{"line":5,"column":14}},"loc":{"start":{"line":5,"column":41},"end":{"line":17,"column":1}},"line":5}},"branchMap":{},"s":{"0":0,"1":0},"f":{"0":0},"b":{}}
,"/Users/nguyennhatquang/ManagerFolder/Outside/Outside/manage-task-web/src/components/atoms/Boxes/VBox.tsx": {"path":"/Users/nguyennhatquang/ManagerFolder/Outside/Outside/manage-task-web/src/components/atoms/Boxes/VBox.tsx","statementMap":{"0":{"start":{"line":5,"column":13},"end":{"line":15,"column":1}},"1":{"start":{"line":6,"column":2},"end":{"line":14,"column":4}}},"fnMap":{"0":{"name":"(anonymous_0)","decl":{"start":{"line":5,"column":13},"end":{"line":5,"column":14}},"loc":{"start":{"line":5,"column":41},"end":{"line":15,"column":1}},"line":5}},"branchMap":{},"s":{"0":0,"1":0},"f":{"0":0},"b":{}}
,"/Users/nguyennhatquang/ManagerFolder/Outside/Outside/manage-task-web/src/components/atoms/Boxes/index.tsx": {"path":"/Users/nguyennhatquang/ManagerFolder/Outside/Outside/manage-task-web/src/components/atoms/Boxes/index.tsx","statementMap":{},"fnMap":{},"branchMap":{},"s":{},"f":{},"b":{}}
,"/Users/nguyennhatquang/ManagerFolder/Outside/Outside/manage-task-web/src/components/atoms/Collapsed/index.tsx": {"path":"/Users/nguyennhatquang/ManagerFolder/Outside/Outside/manage-task-web/src/components/atoms/Collapsed/index.tsx","statementMap":{"0":{"start":{"line":9,"column":18},"end":{"line":27,"column":1}},"1":{"start":{"line":10,"column":2},"end":{"line":26,"column":4}}},"fnMap":{"0":{"name":"(anonymous_0)","decl":{"start":{"line":9,"column":18},"end":{"line":9,"column":19}},"loc":{"start":{"line":9,"column":58},"end":{"line":27,"column":1}},"line":9}},"branchMap":{"0":{"loc":{"start":{"line":22,"column":26},"end":{"line":22,"column":44}},"type":"cond-expr","locations":[{"start":{"line":22,"column":35},"end":{"line":22,"column":41}},{"start":{"line":22,"column":43},"end":{"line":22,"column":44}}],"line":22}},"s":{"0":0,"1":0},"f":{"0":0},"b":{"0":[0,0]}}
,"/Users/nguyennhatquang/ManagerFolder/Outside/Outside/manage-task-web/src/hooks/useDimensions.tsx": {"path":"/Users/nguyennhatquang/ManagerFolder/Outside/Outside/manage-task-web/src/hooks/useDimensions.tsx","statementMap":{"0":{"start":{"line":3,"column":38},"end":{"line":28,"column":1}},"1":{"start":{"line":4,"column":38},"end":{"line":4,"column":71}},"2":{"start":{"line":6,"column":2},"end":{"line":25,"column":14}},"3":{"start":{"line":7,"column":26},"end":{"line":10,"column":6}},"4":{"start":{"line":7,"column":33},"end":{"line":10,"column":5}},"5":{"start":{"line":12,"column":25},"end":{"line":14,"column":5}},"6":{"start":{"line":13,"column":6},"end":{"line":13,"column":37}},"7":{"start":{"line":16,"column":4},"end":{"line":18,"column":5}},"8":{"start":{"line":17,"column":6},"end":{"line":17,"column":37}},"9":{"start":{"line":20,"column":4},"end":{"line":20,"column":52}},"10":{"start":{"line":22,"column":4},"end":{"line":24,"column":6}},"11":{"start":{"line":23,"column":6},"end":{"line":23,"column":57}},"12":{"start":{"line":27,"column":2},"end":{"line":27,"column":20}}},"fnMap":{"0":{"name":"(anonymous_0)","decl":{"start":{"line":3,"column":38},"end":{"line":3,"column":39}},"loc":{"start":{"line":3,"column":78},"end":{"line":28,"column":1}},"line":3},"1":{"name":"(anonymous_1)","decl":{"start":{"line":6,"column":12},"end":{"line":6,"column":13}},"loc":{"start":{"line":6,"column":18},"end":{"line":25,"column":3}},"line":6},"2":{"name":"(anonymous_2)","decl":{"start":{"line":7,"column":26},"end":{"line":7,"column":27}},"loc":{"start":{"line":7,"column":33},"end":{"line":10,"column":5}},"line":7},"3":{"name":"(anonymous_3)","decl":{"start":{"line":12,"column":25},"end":{"line":12,"column":26}},"loc":{"start":{"line":12,"column":31},"end":{"line":14,"column":5}},"line":12},"4":{"name":"(anonymous_4)","decl":{"start":{"line":22,"column":11},"end":{"line":22,"column":12}},"loc":{"start":{"line":22,"column":17},"end":{"line":24,"column":5}},"line":22}},"branchMap":{"0":{"loc":{"start":{"line":16,"column":4},"end":{"line":18,"column":5}},"type":"if","locations":[{"start":{"line":16,"column":4},"end":{"line":18,"column":5}},{"start":{},"end":{}}],"line":16}},"s":{"0":0,"1":0,"2":0,"3":0,"4":0,"5":0,"6":0,"7":0,"8":0,"9":0,"10":0,"11":0,"12":0},"f":{"0":0,"1":0,"2":0,"3":0,"4":0},"b":{"0":[0,0]}}
,"/Users/nguyennhatquang/ManagerFolder/Outside/Outside/manage-task-web/src/mocks/schedule.ts": {"path":"/Users/nguyennhatquang/ManagerFolder/Outside/Outside/manage-task-web/src/mocks/schedule.ts","statementMap":{"0":{"start":{"line":6,"column":19},"end":{"line":6,"column":52}},"1":{"start":{"line":9,"column":26},"end":{"line":9,"column":27}},"2":{"start":{"line":10,"column":26},"end":{"line":10,"column":27}},"3":{"start":{"line":11,"column":26},"end":{"line":11,"column":27}},"4":{"start":{"line":12,"column":26},"end":{"line":12,"column":27}},"5":{"start":{"line":14,"column":20},"end":{"line":27,"column":1}},"6":{"start":{"line":29,"column":21},"end":{"line":46,"column":1}},"7":{"start":{"line":48,"column":28},"end":{"line":73,"column":1}},"8":{"start":{"line":75,"column":22},"end":{"line":100,"column":1}},"9":{"start":{"line":102,"column":40},"end":{"line":163,"column":1}}},"fnMap":{},"branchMap":{},"s":{"0":0,"1":0,"2":0,"3":0,"4":0,"5":0,"6":0,"7":0,"8":0,"9":0},"f":{},"b":{}}
,"/Users/nguyennhatquang/ManagerFolder/Outside/Outside/manage-task-web/src/pages/ProjectSchedulePage/index.tsx": {"path":"/Users/nguyennhatquang/ManagerFolder/Outside/Outside/manage-task-web/src/pages/ProjectSchedulePage/index.tsx","statementMap":{"0":{"start":{"line":3,"column":28},"end":{"line":10,"column":1}},"1":{"start":{"line":5,"column":2},"end":{"line":9,"column":4}}},"fnMap":{"0":{"name":"(anonymous_0)","decl":{"start":{"line":3,"column":28},"end":{"line":3,"column":29}},"loc":{"start":{"line":3,"column":34},"end":{"line":10,"column":1}},"line":3}},"branchMap":{},"s":{"0":0,"1":0},"f":{"0":0},"b":{}}
,"/Users/nguyennhatquang/ManagerFolder/Outside/Outside/manage-task-web/src/pages/ProjectSchedulePage/component/DnD/Draggable.tsx": {"path":"/Users/nguyennhatquang/ManagerFolder/Outside/Outside/manage-task-web/src/pages/ProjectSchedulePage/component/DnD/Draggable.tsx","statementMap":{"0":{"start":{"line":26,"column":18},"end":{"line":70,"column":1}},"1":{"start":{"line":41,"column":4},"end":{"line":68,"column":6}},"2":{"start":{"line":74,"column":24},"end":{"line":169,"column":1}}},"fnMap":{"0":{"name":"Draggable","decl":{"start":{"line":27,"column":11},"end":{"line":27,"column":20}},"loc":{"start":{"line":40,"column":4},"end":{"line":69,"column":3}},"line":40}},"branchMap":{"0":{"loc":{"start":{"line":44,"column":10},"end":{"line":44,"column":38}},"type":"binary-expr","locations":[{"start":{"line":44,"column":10},"end":{"line":44,"column":21}},{"start":{"line":44,"column":25},"end":{"line":44,"column":38}}],"line":44},"1":{"loc":{"start":{"line":45,"column":10},"end":{"line":45,"column":32}},"type":"binary-expr","locations":[{"start":{"line":45,"column":10},"end":{"line":45,"column":18}},{"start":{"line":45,"column":22},"end":{"line":45,"column":32}}],"line":45},"2":{"loc":{"start":{"line":46,"column":10},"end":{"line":46,"column":28}},"type":"binary-expr","locations":[{"start":{"line":46,"column":10},"end":{"line":46,"column":16}},{"start":{"line":46,"column":20},"end":{"line":46,"column":28}}],"line":46},"3":{"loc":{"start":{"line":51,"column":32},"end":{"line":51,"column":49}},"type":"binary-expr","locations":[{"start":{"line":51,"column":32},"end":{"line":51,"column":44}},{"start":{"line":51,"column":48},"end":{"line":51,"column":49}}],"line":51},"4":{"loc":{"start":{"line":52,"column":32},"end":{"line":52,"column":49}},"type":"binary-expr","locations":[{"start":{"line":52,"column":32},"end":{"line":52,"column":44}},{"start":{"line":52,"column":48},"end":{"line":52,"column":49}}],"line":52},"5":{"loc":{"start":{"line":60,"column":15},"end":{"line":60,"column":38}},"type":"cond-expr","locations":[{"start":{"line":60,"column":24},"end":{"line":60,"column":26}},{"start":{"line":60,"column":29},"end":{"line":60,"column":38}}],"line":60},"6":{"loc":{"start":{"line":61,"column":20},"end":{"line":61,"column":43}},"type":"cond-expr","locations":[{"start":{"line":61,"column":29},"end":{"line":61,"column":31}},{"start":{"line":61,"column":34},"end":{"line":61,"column":43}}],"line":61}},"s":{"0":0,"1":0,"2":0},"f":{"0":0},"b":{"0":[0,0],"1":[0,0],"2":[0,0],"3":[0,0],"4":[0,0],"5":[0,0],"6":[0,0]}}
,"/Users/nguyennhatquang/ManagerFolder/Outside/Outside/manage-task-web/src/pages/ProjectSchedulePage/component/DnD/DraggableItem.tsx": {"path":"/Users/nguyennhatquang/ManagerFolder/Outside/Outside/manage-task-web/src/pages/ProjectSchedulePage/component/DnD/DraggableItem.tsx","statementMap":{"0":{"start":{"line":15,"column":59},"end":{"line":18,"column":4}},"1":{"start":{"line":20,"column":2},"end":{"line":20,"column":43}},"2":{"start":{"line":20,"column":20},"end":{"line":20,"column":43}},"3":{"start":{"line":21,"column":2},"end":{"line":37,"column":4}}},"fnMap":{"0":{"name":"DraggableItem","decl":{"start":{"line":14,"column":9},"end":{"line":14,"column":22}},"loc":{"start":{"line":14,"column":100},"end":{"line":38,"column":1}},"line":14}},"branchMap":{"0":{"loc":{"start":{"line":14,"column":60},"end":{"line":14,"column":80}},"type":"default-arg","locations":[{"start":{"line":14,"column":75},"end":{"line":14,"column":80}}],"line":14},"1":{"loc":{"start":{"line":20,"column":2},"end":{"line":20,"column":43}},"type":"if","locations":[{"start":{"line":20,"column":2},"end":{"line":20,"column":43}},{"start":{},"end":{}}],"line":20}},"s":{"0":0,"1":0,"2":0,"3":0},"f":{"0":0},"b":{"0":[0],"1":[0,0]}}
,"/Users/nguyennhatquang/ManagerFolder/Outside/Outside/manage-task-web/src/pages/ProjectSchedulePage/component/DnD/DraggableOverlay.tsx": {"path":"/Users/nguyennhatquang/ManagerFolder/Outside/Outside/manage-task-web/src/pages/ProjectSchedulePage/component/DnD/DraggableOverlay.tsx","statementMap":{"0":{"start":{"line":8,"column":43},"end":{"line":50,"column":1}},"1":{"start":{"line":10,"column":4},"end":{"line":19,"column":6}},"2":{"start":{"line":22,"column":4},"end":{"line":22,"column":36}},"3":{"start":{"line":24,"column":19},"end":{"line":24,"column":59}},"4":{"start":{"line":26,"column":4},"end":{"line":44,"column":5}},"5":{"start":{"line":27,"column":6},"end":{"line":43,"column":8}},"6":{"start":{"line":46,"column":4},"end":{"line":48,"column":6}},"7":{"start":{"line":47,"column":6},"end":{"line":47,"column":37}},"8":{"start":{"line":62,"column":27},"end":{"line":62,"column":42}},"9":{"start":{"line":63,"column":15},"end":{"line":69,"column":20}},"10":{"start":{"line":64,"column":4},"end":{"line":64,"column":26}},"11":{"start":{"line":68,"column":4},"end":{"line":68,"column":18}},"12":{"start":{"line":71,"column":2},"end":{"line":78,"column":4}}},"fnMap":{"0":{"name":"(anonymous_0)","decl":{"start":{"line":9,"column":2},"end":{"line":9,"column":3}},"loc":{"start":{"line":9,"column":27},"end":{"line":20,"column":3}},"line":9},"1":{"name":"(anonymous_1)","decl":{"start":{"line":21,"column":2},"end":{"line":21,"column":3}},"loc":{"start":{"line":21,"column":39},"end":{"line":49,"column":3}},"line":21},"2":{"name":"(anonymous_2)","decl":{"start":{"line":46,"column":11},"end":{"line":46,"column":12}},"loc":{"start":{"line":46,"column":17},"end":{"line":48,"column":5}},"line":46},"3":{"name":"DraggableOverlay","decl":{"start":{"line":57,"column":16},"end":{"line":57,"column":32}},"loc":{"start":{"line":60,"column":10},"end":{"line":79,"column":1}},"line":60},"4":{"name":"(anonymous_4)","decl":{"start":{"line":63,"column":23},"end":{"line":63,"column":24}},"loc":{"start":{"line":63,"column":29},"end":{"line":69,"column":3}},"line":63}},"branchMap":{"0":{"loc":{"start":{"line":26,"column":4},"end":{"line":44,"column":5}},"type":"if","locations":[{"start":{"line":26,"column":4},"end":{"line":44,"column":5}},{"start":{},"end":{}}],"line":26},"1":{"loc":{"start":{"line":58,"column":2},"end":{"line":58,"column":37}},"type":"default-arg","locations":[{"start":{"line":58,"column":18},"end":{"line":58,"column":37}}],"line":58},"2":{"loc":{"start":{"line":74,"column":7},"end":{"line":74,"column":30}},"type":"binary-expr","locations":[{"start":{"line":74,"column":7},"end":{"line":74,"column":11}},{"start":{"line":74,"column":15},"end":{"line":74,"column":30}}],"line":74}},"s":{"0":0,"1":0,"2":0,"3":0,"4":0,"5":0,"6":0,"7":0,"8":0,"9":0,"10":0,"11":0,"12":0},"f":{"0":0,"1":0,"2":0,"3":0,"4":0},"b":{"0":[0,0],"1":[0],"2":[0,0]}}
,"/Users/nguyennhatquang/ManagerFolder/Outside/Outside/manage-task-web/src/pages/ProjectSchedulePage/component/DnD/Droppable.tsx": {"path":"/Users/nguyennhatquang/ManagerFolder/Outside/Outside/manage-task-web/src/pages/ProjectSchedulePage/component/DnD/Droppable.tsx","statementMap":{"0":{"start":{"line":17,"column":18},"end":{"line":60,"column":1}},"1":{"start":{"line":18,"column":25},"end":{"line":18,"column":27}},"2":{"start":{"line":19,"column":21},"end":{"line":40,"column":35}},"3":{"start":{"line":39,"column":4},"end":{"line":39,"column":14}},"4":{"start":{"line":43,"column":2},"end":{"line":59,"column":4}},"5":{"start":{"line":55,"column":31},"end":{"line":55,"column":103}},"6":{"start":{"line":62,"column":18},"end":{"line":119,"column":1}},"7":{"start":{"line":63,"column":33},"end":{"line":66,"column":4}},"8":{"start":{"line":68,"column":26},"end":{"line":68,"column":65}},"9":{"start":{"line":77,"column":16},"end":{"line":100,"column":3}},"10":{"start":{"line":102,"column":2},"end":{"line":118,"column":4}},"11":{"start":{"line":105,"column":27},"end":{"line":105,"column":73}},"12":{"start":{"line":106,"column":27},"end":{"line":106,"column":46}},"13":{"start":{"line":123,"column":24},"end":{"line":159,"column":1}},"14":{"start":{"line":166,"column":24},"end":{"line":205,"column":1}},"15":{"start":{"line":179,"column":62},"end":{"line":179,"column":87}}},"fnMap":{"0":{"name":"(anonymous_0)","decl":{"start":{"line":17,"column":18},"end":{"line":17,"column":19}},"loc":{"start":{"line":17,"column":101},"end":{"line":60,"column":1}},"line":17},"1":{"name":"(anonymous_1)","decl":{"start":{"line":19,"column":29},"end":{"line":19,"column":30}},"loc":{"start":{"line":19,"column":35},"end":{"line":40,"column":3}},"line":19},"2":{"name":"(anonymous_2)","decl":{"start":{"line":55,"column":26},"end":{"line":55,"column":27}},"loc":{"start":{"line":55,"column":31},"end":{"line":55,"column":103}},"line":55},"3":{"name":"(anonymous_3)","decl":{"start":{"line":62,"column":18},"end":{"line":62,"column":19}},"loc":{"start":{"line":62,"column":130},"end":{"line":119,"column":1}},"line":62},"4":{"name":"(anonymous_4)","decl":{"start":{"line":77,"column":16},"end":{"line":77,"column":17}},"loc":{"start":{"line":77,"column":22},"end":{"line":100,"column":3}},"line":77},"5":{"name":"(anonymous_5)","decl":{"start":{"line":105,"column":20},"end":{"line":105,"column":21}},"loc":{"start":{"line":105,"column":26},"end":{"line":105,"column":74}},"line":105},"6":{"name":"(anonymous_6)","decl":{"start":{"line":106,"column":20},"end":{"line":106,"column":21}},"loc":{"start":{"line":106,"column":26},"end":{"line":106,"column":47}},"line":106},"7":{"name":"(anonymous_7)","decl":{"start":{"line":179,"column":16},"end":{"line":179,"column":17}},"loc":{"start":{"line":179,"column":62},"end":{"line":179,"column":87}},"line":179}},"branchMap":{"0":{"loc":{"start":{"line":17,"column":52},"end":{"line":17,"column":64}},"type":"default-arg","locations":[{"start":{"line":17,"column":63},"end":{"line":17,"column":64}}],"line":17},"1":{"loc":{"start":{"line":17,"column":66},"end":{"line":17,"column":77}},"type":"default-arg","locations":[{"start":{"line":17,"column":76},"end":{"line":17,"column":77}}],"line":17},"2":{"loc":{"start":{"line":51,"column":41},"end":{"line":51,"column":80}},"type":"cond-expr","locations":[{"start":{"line":51,"column":52},"end":{"line":51,"column":54}},{"start":{"line":51,"column":57},"end":{"line":51,"column":80}}],"line":51},"3":{"loc":{"start":{"line":55,"column":46},"end":{"line":55,"column":57}},"type":"binary-expr","locations":[{"start":{"line":55,"column":46},"end":{"line":55,"column":51}},{"start":{"line":55,"column":55},"end":{"line":55,"column":57}}],"line":55},"4":{"loc":{"start":{"line":108,"column":8},"end":{"line":108,"column":24}},"type":"binary-expr","locations":[{"start":{"line":108,"column":8},"end":{"line":108,"column":14}},{"start":{"line":108,"column":18},"end":{"line":108,"column":24}}],"line":108},"5":{"loc":{"start":{"line":109,"column":8},"end":{"line":109,"column":30}},"type":"binary-expr","locations":[{"start":{"line":109,"column":8},"end":{"line":109,"column":16}},{"start":{"line":109,"column":20},"end":{"line":109,"column":30}}],"line":109},"6":{"loc":{"start":{"line":110,"column":8},"end":{"line":110,"column":29}},"type":"binary-expr","locations":[{"start":{"line":110,"column":8},"end":{"line":110,"column":16}},{"start":{"line":110,"column":20},"end":{"line":110,"column":29}}],"line":110}},"s":{"0":0,"1":0,"2":0,"3":0,"4":0,"5":0,"6":0,"7":0,"8":0,"9":0,"10":0,"11":0,"12":0,"13":0,"14":0,"15":0},"f":{"0":0,"1":0,"2":0,"3":0,"4":0,"5":0,"6":0,"7":0},"b":{"0":[0],"1":[0],"2":[0,0],"3":[0,0],"4":[0,0],"5":[0,0],"6":[0,0]}}
,"/Users/nguyennhatquang/ManagerFolder/Outside/Outside/manage-task-web/src/pages/ProjectSchedulePage/component/molecules/RadioButtonDate/index.tsx": {"path":"/Users/nguyennhatquang/ManagerFolder/Outside/Outside/manage-task-web/src/pages/ProjectSchedulePage/component/molecules/RadioButtonDate/index.tsx","statementMap":{"0":{"start":{"line":12,"column":21},"end":{"line":29,"column":1}},"1":{"start":{"line":36,"column":24},"end":{"line":59,"column":1}},"2":{"start":{"line":42,"column":2},"end":{"line":58,"column":4}},"3":{"start":{"line":47,"column":36},"end":{"line":47,"column":51}},"4":{"start":{"line":52,"column":10},"end":{"line":54,"column":25}}},"fnMap":{"0":{"name":"(anonymous_0)","decl":{"start":{"line":36,"column":24},"end":{"line":36,"column":25}},"loc":{"start":{"line":39,"column":29},"end":{"line":59,"column":1}},"line":39},"1":{"name":"(anonymous_1)","decl":{"start":{"line":47,"column":18},"end":{"line":47,"column":19}},"loc":{"start":{"line":47,"column":36},"end":{"line":47,"column":51}},"line":47},"2":{"name":"(anonymous_2)","decl":{"start":{"line":51,"column":26},"end":{"line":51,"column":27}},"loc":{"start":{"line":52,"column":10},"end":{"line":54,"column":25}},"line":52}},"branchMap":{},"s":{"0":0,"1":0,"2":0,"3":0,"4":0},"f":{"0":0,"1":0,"2":0},"b":{}}
,"/Users/nguyennhatquang/ManagerFolder/Outside/Outside/manage-task-web/src/pages/ProjectSchedulePage/component/molecules/TimelineTable/Header.tsx": {"path":"/Users/nguyennhatquang/ManagerFolder/Outside/Outside/manage-task-web/src/pages/ProjectSchedulePage/component/molecules/TimelineTable/Header.tsx","statementMap":{"0":{"start":{"line":13,"column":15},"end":{"line":58,"column":1}},"1":{"start":{"line":15,"column":30},"end":{"line":15,"column":124}},"2":{"start":{"line":16,"column":26},"end":{"line":16,"column":77}},"3":{"start":{"line":18,"column":32},"end":{"line":25,"column":3}},"4":{"start":{"line":19,"column":4},"end":{"line":19,"column":34}},"5":{"start":{"line":19,"column":25},"end":{"line":19,"column":34}},"6":{"start":{"line":20,"column":18},"end":{"line":20,"column":34}},"7":{"start":{"line":21,"column":16},"end":{"line":21,"column":47}},"8":{"start":{"line":22,"column":26},"end":{"line":22,"column":48}},"9":{"start":{"line":23,"column":21},"end":{"line":23,"column":41}},"10":{"start":{"line":24,"column":4},"end":{"line":24,"column":56}},"11":{"start":{"line":28,"column":2},"end":{"line":57,"column":4}},"12":{"start":{"line":38,"column":33},"end":{"line":38,"column":80}},"13":{"start":{"line":40,"column":16},"end":{"line":43,"column":27}},"14":{"start":{"line":48,"column":16},"end":{"line":50,"column":23}},"15":{"start":{"line":62,"column":13},"end":{"line":64,"column":1}},"16":{"start":{"line":63,"column":31},"end":{"line":63,"column":67}}},"fnMap":{"0":{"name":"(anonymous_0)","decl":{"start":{"line":13,"column":15},"end":{"line":13,"column":16}},"loc":{"start":{"line":13,"column":50},"end":{"line":58,"column":1}},"line":13},"1":{"name":"(anonymous_1)","decl":{"start":{"line":18,"column":32},"end":{"line":18,"column":33}},"loc":{"start":{"line":18,"column":62},"end":{"line":25,"column":3}},"line":18},"2":{"name":"(anonymous_2)","decl":{"start":{"line":37,"column":27},"end":{"line":37,"column":28}},"loc":{"start":{"line":37,"column":44},"end":{"line":44,"column":15}},"line":37},"3":{"name":"(anonymous_3)","decl":{"start":{"line":47,"column":25},"end":{"line":47,"column":26}},"loc":{"start":{"line":48,"column":16},"end":{"line":50,"column":23}},"line":48},"4":{"name":"(anonymous_4)","decl":{"start":{"line":63,"column":22},"end":{"line":63,"column":23}},"loc":{"start":{"line":63,"column":31},"end":{"line":63,"column":67}},"line":63}},"branchMap":{"0":{"loc":{"start":{"line":19,"column":4},"end":{"line":19,"column":34}},"type":"if","locations":[{"start":{"line":19,"column":4},"end":{"line":19,"column":34}},{"start":{},"end":{}}],"line":19},"1":{"loc":{"start":{"line":38,"column":33},"end":{"line":38,"column":80}},"type":"binary-expr","locations":[{"start":{"line":38,"column":33},"end":{"line":38,"column":53}},{"start":{"line":38,"column":57},"end":{"line":38,"column":80}}],"line":38}},"s":{"0":0,"1":0,"2":0,"3":0,"4":0,"5":0,"6":0,"7":0,"8":0,"9":0,"10":0,"11":0,"12":0,"13":0,"14":0,"15":0,"16":0},"f":{"0":0,"1":0,"2":0,"3":0,"4":0},"b":{"0":[0,0],"1":[0,0]}}
,"/Users/nguyennhatquang/ManagerFolder/Outside/Outside/manage-task-web/src/pages/ProjectSchedulePage/component/molecules/TimelineTable/Row.tsx": {"path":"/Users/nguyennhatquang/ManagerFolder/Outside/Outside/manage-task-web/src/pages/ProjectSchedulePage/component/molecules/TimelineTable/Row.tsx","statementMap":{"0":{"start":{"line":19,"column":12},"end":{"line":58,"column":1}},"1":{"start":{"line":21,"column":30},"end":{"line":21,"column":112}},"2":{"start":{"line":22,"column":26},"end":{"line":22,"column":71}},"3":{"start":{"line":23,"column":17},"end":{"line":23,"column":25}},"4":{"start":{"line":25,"column":21},"end":{"line":25,"column":51}},"5":{"start":{"line":26,"column":19},"end":{"line":26,"column":50}},"6":{"start":{"line":29,"column":2},"end":{"line":57,"column":4}},"7":{"start":{"line":40,"column":12},"end":{"line":44,"column":19}}},"fnMap":{"0":{"name":"(anonymous_0)","decl":{"start":{"line":19,"column":12},"end":{"line":19,"column":13}},"loc":{"start":{"line":19,"column":59},"end":{"line":58,"column":1}},"line":19},"1":{"name":"(anonymous_1)","decl":{"start":{"line":38,"column":21},"end":{"line":38,"column":22}},"loc":{"start":{"line":40,"column":12},"end":{"line":44,"column":19}},"line":40}},"branchMap":{},"s":{"0":0,"1":0,"2":0,"3":0,"4":0,"5":0,"6":0,"7":0},"f":{"0":0,"1":0},"b":{}}
,"/Users/nguyennhatquang/ManagerFolder/Outside/Outside/manage-task-web/src/pages/ProjectSchedulePage/component/molecules/TimelineTable/index.tsx": {"path":"/Users/nguyennhatquang/ManagerFolder/Outside/Outside/manage-task-web/src/pages/ProjectSchedulePage/component/molecules/TimelineTable/index.tsx","statementMap":{"0":{"start":{"line":4,"column":22},"end":{"line":7,"column":1}}},"fnMap":{},"branchMap":{},"s":{"0":0},"f":{},"b":{}}
,"/Users/nguyennhatquang/ManagerFolder/Outside/Outside/manage-task-web/src/pages/ProjectSchedulePage/component/molecules/TimelineTable/TeamMember/index.tsx": {"path":"/Users/nguyennhatquang/ManagerFolder/Outside/Outside/manage-task-web/src/pages/ProjectSchedulePage/component/molecules/TimelineTable/TeamMember/index.tsx","statementMap":{"0":{"start":{"line":15,"column":19},"end":{"line":42,"column":1}},"1":{"start":{"line":17,"column":2},"end":{"line":41,"column":4}},"2":{"start":{"line":28,"column":18},"end":{"line":28,"column":50}},"3":{"start":{"line":44,"column":25},"end":{"line":46,"column":1}},"4":{"start":{"line":45,"column":31},"end":{"line":45,"column":67}}},"fnMap":{"0":{"name":"(anonymous_0)","decl":{"start":{"line":15,"column":19},"end":{"line":15,"column":20}},"loc":{"start":{"line":15,"column":93},"end":{"line":42,"column":1}},"line":15},"1":{"name":"(anonymous_1)","decl":{"start":{"line":27,"column":26},"end":{"line":27,"column":27}},"loc":{"start":{"line":28,"column":18},"end":{"line":28,"column":50}},"line":28},"2":{"name":"(anonymous_2)","decl":{"start":{"line":45,"column":22},"end":{"line":45,"column":23}},"loc":{"start":{"line":45,"column":31},"end":{"line":45,"column":67}},"line":45}},"branchMap":{},"s":{"0":0,"1":0,"2":0,"3":0,"4":0},"f":{"0":0,"1":0,"2":0},"b":{}}
,"/Users/nguyennhatquang/ManagerFolder/Outside/Outside/manage-task-web/src/pages/ProjectSchedulePage/component/templates/ScheduleTimeline/index.tsx": {"path":"/Users/nguyennhatquang/ManagerFolder/Outside/Outside/manage-task-web/src/pages/ProjectSchedulePage/component/templates/ScheduleTimeline/index.tsx","statementMap":{"0":{"start":{"line":22,"column":25},"end":{"line":180,"column":1}},"1":{"start":{"line":25,"column":38},"end":{"line":25,"column":84}},"2":{"start":{"line":26,"column":30},"end":{"line":26,"column":54}},"3":{"start":{"line":27,"column":38},"end":{"line":27,"column":47}},"4":{"start":{"line":29,"column":30},"end":{"line":35,"column":3}},"5":{"start":{"line":30,"column":19},"end":{"line":30,"column":68}},"6":{"start":{"line":30,"column":53},"end":{"line":30,"column":67}},"7":{"start":{"line":31,"column":26},"end":{"line":33,"column":5}},"8":{"start":{"line":32,"column":6},"end":{"line":32,"column":87}},"9":{"start":{"line":34,"column":4},"end":{"line":34,"column":45}},"10":{"start":{"line":37,"column":21},"end":{"line":37,"column":185}},"11":{"start":{"line":37,"column":53},"end":{"line":37,"column":185}},"12":{"start":{"line":38,"column":22},"end":{"line":38,"column":97}},"13":{"start":{"line":38,"column":54},"end":{"line":38,"column":97}},"14":{"start":{"line":40,"column":29},"end":{"line":56,"column":18}},"15":{"start":{"line":42,"column":22},"end":{"line":42,"column":43}},"16":{"start":{"line":43,"column":24},"end":{"line":43,"column":45}},"17":{"start":{"line":44,"column":20},"end":{"line":44,"column":42}},"18":{"start":{"line":45,"column":21},"end":{"line":45,"column":44}},"19":{"start":{"line":46,"column":23},"end":{"line":46,"column":24}},"20":{"start":{"line":48,"column":18},"end":{"line":48,"column":61}},"21":{"start":{"line":49,"column":20},"end":{"line":49,"column":89}},"22":{"start":{"line":50,"column":4},"end":{"line":50,"column":23}},"23":{"start":{"line":52,"column":4},"end":{"line":52,"column":25}},"24":{"start":{"line":55,"column":4},"end":{"line":55,"column":30}},"25":{"start":{"line":58,"column":22},"end":{"line":63,"column":4}},"26":{"start":{"line":64,"column":22},"end":{"line":70,"column":4}},"27":{"start":{"line":72,"column":18},"end":{"line":72,"column":54}},"28":{"start":{"line":79,"column":34},"end":{"line":79,"column":46}},"29":{"start":{"line":81,"column":29},"end":{"line":85,"column":4}},"30":{"start":{"line":81,"column":61},"end":{"line":85,"column":4}},"31":{"start":{"line":81,"column":81},"end":{"line":85,"column":3}},"32":{"start":{"line":87,"column":21},"end":{"line":88,"column":3}},"33":{"start":{"line":90,"column":21},"end":{"line":90,"column":76}},"34":{"start":{"line":90,"column":35},"end":{"line":90,"column":63}},"35":{"start":{"line":92,"column":30},"end":{"line":92,"column":124}},"36":{"start":{"line":93,"column":26},"end":{"line":93,"column":77}},"37":{"start":{"line":104,"column":2},"end":{"line":179,"column":4}},"38":{"start":{"line":111,"column":31},"end":{"line":111,"column":49}},"39":{"start":{"line":120,"column":14},"end":{"line":145,"column":20}},"40":{"start":{"line":130,"column":24},"end":{"line":133,"column":35}},"41":{"start":{"line":138,"column":24},"end":{"line":140,"column":31}},"42":{"start":{"line":188,"column":28},"end":{"line":190,"column":1}}},"fnMap":{"0":{"name":"(anonymous_0)","decl":{"start":{"line":22,"column":25},"end":{"line":22,"column":26}},"loc":{"start":{"line":22,"column":31},"end":{"line":180,"column":1}},"line":22},"1":{"name":"(anonymous_1)","decl":{"start":{"line":29,"column":30},"end":{"line":29,"column":31}},"loc":{"start":{"line":29,"column":36},"end":{"line":35,"column":3}},"line":29},"2":{"name":"(anonymous_2)","decl":{"start":{"line":30,"column":40},"end":{"line":30,"column":41}},"loc":{"start":{"line":30,"column":53},"end":{"line":30,"column":67}},"line":30},"3":{"name":"(anonymous_3)","decl":{"start":{"line":31,"column":40},"end":{"line":31,"column":41}},"loc":{"start":{"line":32,"column":6},"end":{"line":32,"column":87}},"line":32},"4":{"name":"(anonymous_4)","decl":{"start":{"line":37,"column":21},"end":{"line":37,"column":22}},"loc":{"start":{"line":37,"column":53},"end":{"line":37,"column":185}},"line":37},"5":{"name":"(anonymous_5)","decl":{"start":{"line":38,"column":22},"end":{"line":38,"column":23}},"loc":{"start":{"line":38,"column":54},"end":{"line":38,"column":97}},"line":38},"6":{"name":"(anonymous_6)","decl":{"start":{"line":40,"column":37},"end":{"line":40,"column":38}},"loc":{"start":{"line":40,"column":43},"end":{"line":56,"column":3}},"line":40},"7":{"name":"(anonymous_7)","decl":{"start":{"line":81,"column":29},"end":{"line":81,"column":30}},"loc":{"start":{"line":81,"column":61},"end":{"line":85,"column":4}},"line":81},"8":{"name":"(anonymous_8)","decl":{"start":{"line":81,"column":61},"end":{"line":81,"column":62}},"loc":{"start":{"line":81,"column":81},"end":{"line":85,"column":3}},"line":81},"9":{"name":"(anonymous_9)","decl":{"start":{"line":87,"column":21},"end":{"line":87,"column":22}},"loc":{"start":{"line":87,"column":27},"end":{"line":88,"column":3}},"line":87},"10":{"name":"(anonymous_10)","decl":{"start":{"line":90,"column":29},"end":{"line":90,"column":30}},"loc":{"start":{"line":90,"column":35},"end":{"line":90,"column":63}},"line":90},"11":{"name":"(anonymous_11)","decl":{"start":{"line":111,"column":25},"end":{"line":111,"column":26}},"loc":{"start":{"line":111,"column":31},"end":{"line":111,"column":49}},"line":111},"12":{"name":"(anonymous_12)","decl":{"start":{"line":119,"column":30},"end":{"line":119,"column":31}},"loc":{"start":{"line":120,"column":14},"end":{"line":145,"column":20}},"line":120},"13":{"name":"(anonymous_13)","decl":{"start":{"line":127,"column":35},"end":{"line":127,"column":36}},"loc":{"start":{"line":127,"column":52},"end":{"line":134,"column":23}},"line":127},"14":{"name":"(anonymous_14)","decl":{"start":{"line":137,"column":33},"end":{"line":137,"column":34}},"loc":{"start":{"line":138,"column":24},"end":{"line":140,"column":31}},"line":138}},"branchMap":{"0":{"loc":{"start":{"line":32,"column":6},"end":{"line":32,"column":87}},"type":"cond-expr","locations":[{"start":{"line":32,"column":71},"end":{"line":32,"column":76}},{"start":{"line":32,"column":79},"end":{"line":32,"column":87}}],"line":32},"1":{"loc":{"start":{"line":37,"column":53},"end":{"line":37,"column":185}},"type":"cond-expr","locations":[{"start":{"line":37,"column":90},"end":{"line":37,"column":114}},{"start":{"line":37,"column":117},"end":{"line":37,"column":185}}],"line":37},"2":{"loc":{"start":{"line":38,"column":54},"end":{"line":38,"column":97}},"type":"cond-expr","locations":[{"start":{"line":38,"column":92},"end":{"line":38,"column":93}},{"start":{"line":38,"column":96},"end":{"line":38,"column":97}}],"line":38}},"s":{"0":0,"1":0,"2":0,"3":0,"4":0,"5":0,"6":0,"7":0,"8":0,"9":0,"10":0,"11":0,"12":0,"13":0,"14":0,"15":0,"16":0,"17":0,"18":0,"19":0,"20":0,"21":0,"22":0,"23":0,"24":0,"25":0,"26":0,"27":0,"28":0,"29":0,"30":0,"31":0,"32":0,"33":0,"34":0,"35":0,"36":0,"37":0,"38":0,"39":0,"40":0,"41":0,"42":0},"f":{"0":0,"1":0,"2":0,"3":0,"4":0,"5":0,"6":0,"7":0,"8":0,"9":0,"10":0,"11":0,"12":0,"13":0,"14":0},"b":{"0":[0,0],"1":[0,0],"2":[0,0]}}
,"/Users/nguyennhatquang/ManagerFolder/Outside/Outside/manage-task-web/src/pages/ProjectSchedulePage/services/types/scheduleTimeline.ts": {"path":"/Users/nguyennhatquang/ManagerFolder/Outside/Outside/manage-task-web/src/pages/ProjectSchedulePage/services/types/scheduleTimeline.ts","statementMap":{},"fnMap":{},"branchMap":{},"s":{},"f":{},"b":{}}
,"/Users/nguyennhatquang/ManagerFolder/Outside/Outside/manage-task-web/src/services/request.ts": {"path":"/Users/nguyennhatquang/ManagerFolder/Outside/Outside/manage-task-web/src/services/request.ts","statementMap":{"0":{"start":{"line":4,"column":22},"end":{"line":4,"column":51}}},"fnMap":{},"branchMap":{},"s":{"0":0},"f":{},"b":{}}
,"/Users/nguyennhatquang/ManagerFolder/Outside/Outside/manage-task-web/src/store/hooks.ts": {"path":"/Users/nguyennhatquang/ManagerFolder/Outside/Outside/manage-task-web/src/store/hooks.ts","statementMap":{"0":{"start":{"line":5,"column":49},"end":{"line":5,"column":60}},"1":{"start":{"line":6,"column":63},"end":{"line":6,"column":74}}},"fnMap":{},"branchMap":{},"s":{"0":0,"1":0},"f":{},"b":{}}
,"/Users/nguyennhatquang/ManagerFolder/Outside/Outside/manage-task-web/src/store/index.ts": {"path":"/Users/nguyennhatquang/ManagerFolder/Outside/Outside/manage-task-web/src/store/index.ts","statementMap":{"0":{"start":{"line":6,"column":23},"end":{"line":6,"column":45}},"1":{"start":{"line":7,"column":14},"end":{"line":12,"column":2}},"2":{"start":{"line":10,"column":4},"end":{"line":10,"column":71}},"3":{"start":{"line":14,"column":0},"end":{"line":14,"column":29}}},"fnMap":{"0":{"name":"(anonymous_0)","decl":{"start":{"line":9,"column":14},"end":{"line":9,"column":15}},"loc":{"start":{"line":9,"column":38},"end":{"line":11,"column":3}},"line":9}},"branchMap":{},"s":{"0":0,"1":0,"2":0,"3":0},"f":{"0":0},"b":{}}
,"/Users/nguyennhatquang/ManagerFolder/Outside/Outside/manage-task-web/src/store/root/index.ts": {"path":"/Users/nguyennhatquang/ManagerFolder/Outside/Outside/manage-task-web/src/store/root/index.ts","statementMap":{},"fnMap":{},"branchMap":{},"s":{},"f":{},"b":{}}
,"/Users/nguyennhatquang/ManagerFolder/Outside/Outside/manage-task-web/src/store/root/reducers.ts": {"path":"/Users/nguyennhatquang/ManagerFolder/Outside/Outside/manage-task-web/src/store/root/reducers.ts","statementMap":{"0":{"start":{"line":2,"column":20},"end":{"line":4,"column":1}}},"fnMap":{},"branchMap":{},"s":{"0":0},"f":{},"b":{}}
,"/Users/nguyennhatquang/ManagerFolder/Outside/Outside/manage-task-web/src/store/root/sagas.ts": {"path":"/Users/nguyennhatquang/ManagerFolder/Outside/Outside/manage-task-web/src/store/root/sagas.ts","statementMap":{"0":{"start":{"line":4,"column":2},"end":{"line":7,"column":5}}},"fnMap":{"0":{"name":"rootSaga","decl":{"start":{"line":3,"column":25},"end":{"line":3,"column":33}},"loc":{"start":{"line":3,"column":36},"end":{"line":8,"column":1}},"line":3}},"branchMap":{},"s":{"0":0},"f":{"0":0},"b":{}}
,"/Users/nguyennhatquang/ManagerFolder/Outside/Outside/manage-task-web/src/types/date.ts": {"path":"/Users/nguyennhatquang/ManagerFolder/Outside/Outside/manage-task-web/src/types/date.ts","statementMap":{},"fnMap":{},"branchMap":{},"s":{},"f":{},"b":{}}
,"/Users/nguyennhatquang/ManagerFolder/Outside/Outside/manage-task-web/src/utils/constants.ts": {"path":"/Users/nguyennhatquang/ManagerFolder/Outside/Outside/manage-task-web/src/utils/constants.ts","statementMap":{"0":{"start":{"line":3,"column":27},"end":{"line":3,"column":39}},"1":{"start":{"line":5,"column":21},"end":{"line":14,"column":1}}},"fnMap":{},"branchMap":{},"s":{"0":1,"1":1},"f":{},"b":{},"_coverageSchema":"1a1c01bbd47fc00a2c39e90264f33305004495a9","hash":"57f7929a2730f50d97ab6e84b34b21983843dbd5"}
,"/Users/nguyennhatquang/ManagerFolder/Outside/Outside/manage-task-web/src/utils/date.ts": {"path":"/Users/nguyennhatquang/ManagerFolder/Outside/Outside/manage-task-web/src/utils/date.ts","statementMap":{"0":{"start":{"line":9,"column":29},"end":{"line":11,"column":1}},"1":{"start":{"line":10,"column":2},"end":{"line":10,"column":34}},"2":{"start":{"line":20,"column":29},"end":{"line":34,"column":1}},"3":{"start":{"line":21,"column":2},"end":{"line":21,"column":33}},"4":{"start":{"line":21,"column":23},"end":{"line":21,"column":33}},"5":{"start":{"line":23,"column":2},"end":{"line":23,"column":36}},"6":{"start":{"line":23,"column":22},"end":{"line":23,"column":36}},"7":{"start":{"line":25,"column":23},"end":{"line":25,"column":27}},"8":{"start":{"line":26,"column":26},"end":{"line":26,"column":28}},"9":{"start":{"line":28,"column":2},"end":{"line":31,"column":3}},"10":{"start":{"line":29,"column":4},"end":{"line":29,"column":29}},"11":{"start":{"line":30,"column":4},"end":{"line":30,"column":47}},"12":{"start":{"line":33,"column":2},"end":{"line":33,"column":15}}},"fnMap":{"0":{"name":"(anonymous_0)","decl":{"start":{"line":9,"column":29},"end":{"line":9,"column":30}},"loc":{"start":{"line":9,"column":47},"end":{"line":11,"column":1}},"line":9},"1":{"name":"(anonymous_1)","decl":{"start":{"line":20,"column":29},"end":{"line":20,"column":30}},"loc":{"start":{"line":20,"column":120},"end":{"line":34,"column":1}},"line":20}},"branchMap":{"0":{"loc":{"start":{"line":21,"column":2},"end":{"line":21,"column":33}},"type":"if","locations":[{"start":{"line":21,"column":2},"end":{"line":21,"column":33}},{"start":{},"end":{}}],"line":21},"1":{"loc":{"start":{"line":23,"column":2},"end":{"line":23,"column":36}},"type":"if","locations":[{"start":{"line":23,"column":2},"end":{"line":23,"column":36}},{"start":{},"end":{}}],"line":23},"2":{"loc":{"start":{"line":30,"column":13},"end":{"line":30,"column":22}},"type":"binary-expr","locations":[{"start":{"line":30,"column":13},"end":{"line":30,"column":17}},{"start":{"line":30,"column":21},"end":{"line":30,"column":22}}],"line":30},"3":{"loc":{"start":{"line":30,"column":24},"end":{"line":30,"column":37}},"type":"binary-expr","locations":[{"start":{"line":30,"column":24},"end":{"line":30,"column":28}},{"start":{"line":30,"column":32},"end":{"line":30,"column":37}}],"line":30}},"s":{"0":1,"1":0,"2":1,"3":4,"4":1,"5":3,"6":1,"7":2,"8":2,"9":2,"10":6,"11":6,"12":2},"f":{"0":0,"1":4},"b":{"0":[1,3],"1":[1,2],"2":[6,3],"3":[6,6]},"_coverageSchema":"1a1c01bbd47fc00a2c39e90264f33305004495a9","hash":"8ad465097e4483eb29279d09fa4c87af917f08ac"}
,"/Users/nguyennhatquang/ManagerFolder/Outside/Outside/manage-task-web/src/utils/sorts.ts": {"path":"/Users/nguyennhatquang/ManagerFolder/Outside/Outside/manage-task-web/src/utils/sorts.ts","statementMap":{},"fnMap":{},"branchMap":{},"s":{},"f":{},"b":{}}
}
