{"/Users/nguyennhatquang/ManagerFolder/Outside/Outside/manage-task-web/src/App.tsx": {"path":"/Users/nguyennhatquang/ManagerFolder/Outside/Outside/manage-task-web/src/App.tsx","statementMap":{"0":{"start":{"line":10,"column":4},"end":{"line":18,"column":6}},"1":{"start":{"line":21,"column":2},"end":{"line":25,"column":4}}},"fnMap":{"0":{"name":"App","decl":{"start":{"line":7,"column":9},"end":{"line":7,"column":12}},"loc":{"start":{"line":7,"column":15},"end":{"line":26,"column":1}},"line":7},"1":{"name":"AppUI","decl":{"start":{"line":9,"column":11},"end":{"line":9,"column":16}},"loc":{"start":{"line":9,"column":19},"end":{"line":19,"column":3}},"line":9}},"branchMap":{},"s":{"0":0,"1":0},"f":{"0":0,"1":0},"b":{}}
,"/Users/nguyennhatquang/ManagerFolder/Outside/Outside/manage-task-web/src/main.tsx": {"path":"/Users/nguyennhatquang/ManagerFolder/Outside/Outside/manage-task-web/src/main.tsx","statementMap":{"0":{"start":{"line":9,"column":0},"end":{"line":16,"column":2}}},"fnMap":{},"branchMap":{},"s":{"0":0},"f":{},"b":{}}
,"/Users/nguyennhatquang/ManagerFolder/Outside/Outside/manage-task-web/src/theme.ts": {"path":"/Users/nguyennhatquang/ManagerFolder/Outside/Outside/manage-task-web/src/theme.ts","statementMap":{"0":{"start":{"line":16,"column":14},"end":{"line":72,"column":2}},"1":{"start":{"line":48,"column":28},"end":{"line":64,"column":9}}},"fnMap":{"0":{"name":"(anonymous_0)","decl":{"start":{"line":48,"column":14},"end":{"line":48,"column":15}},"loc":{"start":{"line":48,"column":28},"end":{"line":64,"column":9}},"line":48}},"branchMap":{},"s":{"0":0,"1":0},"f":{"0":0},"b":{}}
,"/Users/nguyennhatquang/ManagerFolder/Outside/Outside/manage-task-web/src/vite-env.d.ts": {"path":"/Users/nguyennhatquang/ManagerFolder/Outside/Outside/manage-task-web/src/vite-env.d.ts","statementMap":{},"fnMap":{},"branchMap":{},"s":{},"f":{},"b":{}}
,"/Users/nguyennhatquang/ManagerFolder/Outside/Outside/manage-task-web/src/components/atoms/Boxs/HBox.tsx": {"path":"/Users/nguyennhatquang/ManagerFolder/Outside/Outside/manage-task-web/src/components/atoms/Boxs/HBox.tsx","statementMap":{"0":{"start":{"line":5,"column":13},"end":{"line":15,"column":1}},"1":{"start":{"line":6,"column":2},"end":{"line":14,"column":4}}},"fnMap":{"0":{"name":"(anonymous_0)","decl":{"start":{"line":5,"column":13},"end":{"line":5,"column":14}},"loc":{"start":{"line":5,"column":41},"end":{"line":15,"column":1}},"line":5}},"branchMap":{},"s":{"0":0,"1":0},"f":{"0":0},"b":{}}
,"/Users/nguyennhatquang/ManagerFolder/Outside/Outside/manage-task-web/src/components/atoms/Boxs/VBox.tsx": {"path":"/Users/nguyennhatquang/ManagerFolder/Outside/Outside/manage-task-web/src/components/atoms/Boxs/VBox.tsx","statementMap":{"0":{"start":{"line":5,"column":13},"end":{"line":15,"column":1}},"1":{"start":{"line":6,"column":2},"end":{"line":14,"column":4}}},"fnMap":{"0":{"name":"(anonymous_0)","decl":{"start":{"line":5,"column":13},"end":{"line":5,"column":14}},"loc":{"start":{"line":5,"column":41},"end":{"line":15,"column":1}},"line":5}},"branchMap":{},"s":{"0":0,"1":0},"f":{"0":0},"b":{}}
,"/Users/nguyennhatquang/ManagerFolder/Outside/Outside/manage-task-web/src/components/atoms/Boxs/index.tsx": {"path":"/Users/nguyennhatquang/ManagerFolder/Outside/Outside/manage-task-web/src/components/atoms/Boxs/index.tsx","statementMap":{},"fnMap":{},"branchMap":{},"s":{},"f":{},"b":{}}
,"/Users/nguyennhatquang/ManagerFolder/Outside/Outside/manage-task-web/src/mocks/schedule.ts": {"path":"/Users/nguyennhatquang/ManagerFolder/Outside/Outside/manage-task-web/src/mocks/schedule.ts","statementMap":{"0":{"start":{"line":5,"column":19},"end":{"line":5,"column":52}},"1":{"start":{"line":8,"column":26},"end":{"line":8,"column":27}},"2":{"start":{"line":9,"column":26},"end":{"line":9,"column":27}},"3":{"start":{"line":10,"column":26},"end":{"line":10,"column":27}},"4":{"start":{"line":11,"column":26},"end":{"line":11,"column":27}},"5":{"start":{"line":13,"column":20},"end":{"line":26,"column":1}},"6":{"start":{"line":28,"column":21},"end":{"line":45,"column":1}},"7":{"start":{"line":47,"column":28},"end":{"line":72,"column":1}},"8":{"start":{"line":74,"column":22},"end":{"line":99,"column":1}},"9":{"start":{"line":101,"column":25},"end":{"line":160,"column":1}}},"fnMap":{},"branchMap":{},"s":{"0":0,"1":0,"2":0,"3":0,"4":0,"5":0,"6":0,"7":0,"8":0,"9":0},"f":{},"b":{}}
,"/Users/nguyennhatquang/ManagerFolder/Outside/Outside/manage-task-web/src/pages/ProjectSchedulePage/index.tsx": {"path":"/Users/nguyennhatquang/ManagerFolder/Outside/Outside/manage-task-web/src/pages/ProjectSchedulePage/index.tsx","statementMap":{"0":{"start":{"line":4,"column":28},"end":{"line":12,"column":1}},"1":{"start":{"line":6,"column":2},"end":{"line":6,"column":25}},"2":{"start":{"line":7,"column":2},"end":{"line":11,"column":4}}},"fnMap":{"0":{"name":"(anonymous_0)","decl":{"start":{"line":4,"column":28},"end":{"line":4,"column":29}},"loc":{"start":{"line":4,"column":34},"end":{"line":12,"column":1}},"line":4}},"branchMap":{},"s":{"0":0,"1":0,"2":0},"f":{"0":0},"b":{}}
,"/Users/nguyennhatquang/ManagerFolder/Outside/Outside/manage-task-web/src/pages/ProjectSchedulePage/component/molecules/RadioButtonDate/index.tsx": {"path":"/Users/nguyennhatquang/ManagerFolder/Outside/Outside/manage-task-web/src/pages/ProjectSchedulePage/component/molecules/RadioButtonDate/index.tsx","statementMap":{"0":{"start":{"line":12,"column":21},"end":{"line":29,"column":1}},"1":{"start":{"line":36,"column":24},"end":{"line":59,"column":1}},"2":{"start":{"line":42,"column":2},"end":{"line":58,"column":4}},"3":{"start":{"line":47,"column":36},"end":{"line":47,"column":51}},"4":{"start":{"line":52,"column":10},"end":{"line":54,"column":25}}},"fnMap":{"0":{"name":"(anonymous_0)","decl":{"start":{"line":36,"column":24},"end":{"line":36,"column":25}},"loc":{"start":{"line":39,"column":29},"end":{"line":59,"column":1}},"line":39},"1":{"name":"(anonymous_1)","decl":{"start":{"line":47,"column":18},"end":{"line":47,"column":19}},"loc":{"start":{"line":47,"column":36},"end":{"line":47,"column":51}},"line":47},"2":{"name":"(anonymous_2)","decl":{"start":{"line":51,"column":26},"end":{"line":51,"column":27}},"loc":{"start":{"line":52,"column":10},"end":{"line":54,"column":25}},"line":52}},"branchMap":{},"s":{"0":0,"1":0,"2":0,"3":0,"4":0},"f":{"0":0,"1":0,"2":0},"b":{}}
,"/Users/nguyennhatquang/ManagerFolder/Outside/Outside/manage-task-web/src/pages/ProjectSchedulePage/component/templates/ScheduleTimeline/index.tsx": {"path":"/Users/nguyennhatquang/ManagerFolder/Outside/Outside/manage-task-web/src/pages/ProjectSchedulePage/component/templates/ScheduleTimeline/index.tsx","statementMap":{"0":{"start":{"line":13,"column":25},"end":{"line":50,"column":1}},"1":{"start":{"line":15,"column":38},"end":{"line":15,"column":84}},"2":{"start":{"line":17,"column":33},"end":{"line":20,"column":19}},"3":{"start":{"line":17,"column":48},"end":{"line":20,"column":3}},"4":{"start":{"line":22,"column":2},"end":{"line":22,"column":22}},"5":{"start":{"line":24,"column":2},"end":{"line":24,"column":63}},"6":{"start":{"line":26,"column":20},"end":{"line":26,"column":28}},"7":{"start":{"line":27,"column":18},"end":{"line":27,"column":43}},"8":{"start":{"line":29,"column":27},"end":{"line":29,"column":57}},"9":{"start":{"line":30,"column":30},"end":{"line":30,"column":116}},"10":{"start":{"line":32,"column":2},"end":{"line":49,"column":4}},"11":{"start":{"line":42,"column":12},"end":{"line":44,"column":19}},"12":{"start":{"line":54,"column":13},"end":{"line":56,"column":1}}},"fnMap":{"0":{"name":"(anonymous_0)","decl":{"start":{"line":13,"column":25},"end":{"line":13,"column":26}},"loc":{"start":{"line":13,"column":31},"end":{"line":50,"column":1}},"line":13},"1":{"name":"(anonymous_1)","decl":{"start":{"line":17,"column":41},"end":{"line":17,"column":42}},"loc":{"start":{"line":17,"column":48},"end":{"line":20,"column":3}},"line":17},"2":{"name":"(anonymous_2)","decl":{"start":{"line":41,"column":79},"end":{"line":41,"column":80}},"loc":{"start":{"line":42,"column":12},"end":{"line":44,"column":19}},"line":42}},"branchMap":{},"s":{"0":0,"1":0,"2":0,"3":0,"4":0,"5":0,"6":0,"7":0,"8":0,"9":0,"10":0,"11":0,"12":0},"f":{"0":0,"1":0,"2":0},"b":{}}
,"/Users/nguyennhatquang/ManagerFolder/Outside/Outside/manage-task-web/src/pages/ProjectSchedulePage/services/types/scheduleTimeline.ts": {"path":"/Users/nguyennhatquang/ManagerFolder/Outside/Outside/manage-task-web/src/pages/ProjectSchedulePage/services/types/scheduleTimeline.ts","statementMap":{},"fnMap":{},"branchMap":{},"s":{},"f":{},"b":{}}
,"/Users/nguyennhatquang/ManagerFolder/Outside/Outside/manage-task-web/src/store/hooks.ts": {"path":"/Users/nguyennhatquang/ManagerFolder/Outside/Outside/manage-task-web/src/store/hooks.ts","statementMap":{"0":{"start":{"line":5,"column":49},"end":{"line":5,"column":60}},"1":{"start":{"line":6,"column":63},"end":{"line":6,"column":74}}},"fnMap":{},"branchMap":{},"s":{"0":0,"1":0},"f":{},"b":{}}
,"/Users/nguyennhatquang/ManagerFolder/Outside/Outside/manage-task-web/src/store/index.ts": {"path":"/Users/nguyennhatquang/ManagerFolder/Outside/Outside/manage-task-web/src/store/index.ts","statementMap":{"0":{"start":{"line":6,"column":23},"end":{"line":6,"column":45}},"1":{"start":{"line":7,"column":14},"end":{"line":12,"column":2}},"2":{"start":{"line":10,"column":4},"end":{"line":10,"column":71}},"3":{"start":{"line":14,"column":0},"end":{"line":14,"column":29}}},"fnMap":{"0":{"name":"(anonymous_0)","decl":{"start":{"line":9,"column":14},"end":{"line":9,"column":15}},"loc":{"start":{"line":9,"column":38},"end":{"line":11,"column":3}},"line":9}},"branchMap":{},"s":{"0":0,"1":0,"2":0,"3":0},"f":{"0":0},"b":{}}
,"/Users/nguyennhatquang/ManagerFolder/Outside/Outside/manage-task-web/src/store/root/index.ts": {"path":"/Users/nguyennhatquang/ManagerFolder/Outside/Outside/manage-task-web/src/store/root/index.ts","statementMap":{},"fnMap":{},"branchMap":{},"s":{},"f":{},"b":{}}
,"/Users/nguyennhatquang/ManagerFolder/Outside/Outside/manage-task-web/src/store/root/reducers.ts": {"path":"/Users/nguyennhatquang/ManagerFolder/Outside/Outside/manage-task-web/src/store/root/reducers.ts","statementMap":{"0":{"start":{"line":2,"column":20},"end":{"line":4,"column":1}}},"fnMap":{},"branchMap":{},"s":{"0":0},"f":{},"b":{}}
,"/Users/nguyennhatquang/ManagerFolder/Outside/Outside/manage-task-web/src/store/root/sagas.ts": {"path":"/Users/nguyennhatquang/ManagerFolder/Outside/Outside/manage-task-web/src/store/root/sagas.ts","statementMap":{"0":{"start":{"line":4,"column":2},"end":{"line":7,"column":5}}},"fnMap":{"0":{"name":"rootSaga","decl":{"start":{"line":3,"column":25},"end":{"line":3,"column":33}},"loc":{"start":{"line":3,"column":36},"end":{"line":8,"column":1}},"line":3}},"branchMap":{},"s":{"0":0},"f":{"0":0},"b":{}}
,"/Users/nguyennhatquang/ManagerFolder/Outside/Outside/manage-task-web/src/types/date.ts": {"path":"/Users/nguyennhatquang/ManagerFolder/Outside/Outside/manage-task-web/src/types/date.ts","statementMap":{},"fnMap":{},"branchMap":{},"s":{},"f":{},"b":{}}
,"/Users/nguyennhatquang/ManagerFolder/Outside/Outside/manage-task-web/src/utils/constants.ts": {"path":"/Users/nguyennhatquang/ManagerFolder/Outside/Outside/manage-task-web/src/utils/constants.ts","statementMap":{"0":{"start":{"line":3,"column":27},"end":{"line":3,"column":39}},"1":{"start":{"line":5,"column":21},"end":{"line":11,"column":1}}},"fnMap":{},"branchMap":{},"s":{"0":1,"1":1},"f":{},"b":{},"_coverageSchema":"1a1c01bbd47fc00a2c39e90264f33305004495a9","hash":"1f53b130b39b3d57c266a197c715ae32e9330dc8"}
,"/Users/nguyennhatquang/ManagerFolder/Outside/Outside/manage-task-web/src/utils/date.ts": {"path":"/Users/nguyennhatquang/ManagerFolder/Outside/Outside/manage-task-web/src/utils/date.ts","statementMap":{"0":{"start":{"line":9,"column":29},"end":{"line":11,"column":1}},"1":{"start":{"line":10,"column":2},"end":{"line":10,"column":34}},"2":{"start":{"line":20,"column":29},"end":{"line":34,"column":1}},"3":{"start":{"line":21,"column":2},"end":{"line":21,"column":33}},"4":{"start":{"line":21,"column":23},"end":{"line":21,"column":33}},"5":{"start":{"line":23,"column":2},"end":{"line":23,"column":36}},"6":{"start":{"line":23,"column":22},"end":{"line":23,"column":36}},"7":{"start":{"line":25,"column":23},"end":{"line":25,"column":27}},"8":{"start":{"line":26,"column":26},"end":{"line":26,"column":28}},"9":{"start":{"line":28,"column":2},"end":{"line":31,"column":3}},"10":{"start":{"line":29,"column":4},"end":{"line":29,"column":29}},"11":{"start":{"line":30,"column":4},"end":{"line":30,"column":39}},"12":{"start":{"line":33,"column":2},"end":{"line":33,"column":15}}},"fnMap":{"0":{"name":"(anonymous_0)","decl":{"start":{"line":9,"column":29},"end":{"line":9,"column":30}},"loc":{"start":{"line":9,"column":47},"end":{"line":11,"column":1}},"line":9},"1":{"name":"(anonymous_1)","decl":{"start":{"line":20,"column":29},"end":{"line":20,"column":30}},"loc":{"start":{"line":20,"column":74},"end":{"line":34,"column":1}},"line":20}},"branchMap":{"0":{"loc":{"start":{"line":21,"column":2},"end":{"line":21,"column":33}},"type":"if","locations":[{"start":{"line":21,"column":2},"end":{"line":21,"column":33}},{"start":{},"end":{}}],"line":21},"1":{"loc":{"start":{"line":23,"column":2},"end":{"line":23,"column":36}},"type":"if","locations":[{"start":{"line":23,"column":2},"end":{"line":23,"column":36}},{"start":{},"end":{}}],"line":23},"2":{"loc":{"start":{"line":30,"column":13},"end":{"line":30,"column":22}},"type":"binary-expr","locations":[{"start":{"line":30,"column":13},"end":{"line":30,"column":17}},{"start":{"line":30,"column":21},"end":{"line":30,"column":22}}],"line":30}},"s":{"0":1,"1":0,"2":1,"3":4,"4":1,"5":3,"6":1,"7":2,"8":2,"9":2,"10":6,"11":6,"12":2},"f":{"0":0,"1":4},"b":{"0":[1,3],"1":[1,2],"2":[6,3]},"_coverageSchema":"1a1c01bbd47fc00a2c39e90264f33305004495a9","hash":"c5bf259a3e0359c11b4d108631b149e8886bea61"}
,"/Users/nguyennhatquang/ManagerFolder/Outside/Outside/manage-task-web/src/utils/sorts.ts": {"path":"/Users/nguyennhatquang/ManagerFolder/Outside/Outside/manage-task-web/src/utils/sorts.ts","statementMap":{},"fnMap":{},"branchMap":{},"s":{},"f":{},"b":{}}
}
