TN:
SF:src/App.tsx
FN:7,App
FN:9,AppUI
FNF:2
FNH:0
FNDA:0,App
FNDA:0,AppUI
DA:10,0
DA:21,0
LF:2
LH:0
BRF:0
BRH:0
end_of_record
TN:
SF:src/main.tsx
FNF:0
FNH:0
DA:9,0
LF:1
LH:0
BRF:0
BRH:0
end_of_record
TN:
SF:src/theme.ts
FN:115,(anonymous_0)
FN:152,(anonymous_1)
FNF:2
FNH:0
FNDA:0,(anonymous_0)
FNDA:0,(anonymous_1)
DA:65,0
DA:115,0
DA:152,0
LF:3
LH:0
BRF:0
BRH:0
end_of_record
TN:
SF:src/vite-env.d.ts
FNF:0
FNH:0
LF:0
LH:0
BRF:0
BRH:0
end_of_record
TN:
SF:src/assets/svg/IconTag.tsx
FN:1,(anonymous_0)
FNF:1
FNH:0
FNDA:0,(anonymous_0)
DA:1,0
DA:2,0
LF:2
LH:0
BRF:0
BRH:0
end_of_record
TN:
SF:src/components/atoms/Boxes/HBox.tsx
FN:5,(anonymous_0)
FNF:1
FNH:0
FNDA:0,(anonymous_0)
DA:5,0
DA:6,0
LF:2
LH:0
BRF:0
BRH:0
end_of_record
TN:
SF:src/components/atoms/Boxes/VBox.tsx
FN:5,(anonymous_0)
FNF:1
FNH:0
FNDA:0,(anonymous_0)
DA:5,0
DA:6,0
LF:2
LH:0
BRF:0
BRH:0
end_of_record
TN:
SF:src/components/atoms/Boxes/index.tsx
FNF:0
FNH:0
LF:0
LH:0
BRF:0
BRH:0
end_of_record
TN:
SF:src/components/atoms/Collapsed/index.tsx
FN:9,(anonymous_0)
FNF:1
FNH:0
FNDA:0,(anonymous_0)
DA:9,0
DA:10,0
LF:2
LH:0
BRDA:22,0,0,0
BRDA:22,0,1,0
BRF:2
BRH:0
end_of_record
TN:
SF:src/hooks/useDimensions.tsx
FN:3,(anonymous_0)
FN:6,(anonymous_1)
FN:7,(anonymous_2)
FN:12,(anonymous_3)
FN:22,(anonymous_4)
FNF:5
FNH:0
FNDA:0,(anonymous_0)
FNDA:0,(anonymous_1)
FNDA:0,(anonymous_2)
FNDA:0,(anonymous_3)
FNDA:0,(anonymous_4)
DA:3,0
DA:4,0
DA:6,0
DA:7,0
DA:12,0
DA:13,0
DA:16,0
DA:17,0
DA:20,0
DA:22,0
DA:23,0
DA:27,0
LF:12
LH:0
BRDA:16,0,0,0
BRDA:16,0,1,0
BRF:2
BRH:0
end_of_record
TN:
SF:src/mocks/schedule.ts
FNF:0
FNH:0
DA:6,0
DA:9,0
DA:10,0
DA:11,0
DA:12,0
DA:14,0
DA:29,0
DA:48,0
DA:75,0
DA:102,0
LF:10
LH:0
BRF:0
BRH:0
end_of_record
TN:
SF:src/pages/ProjectSchedulePage/index.tsx
FN:3,(anonymous_0)
FNF:1
FNH:0
FNDA:0,(anonymous_0)
DA:3,0
DA:5,0
LF:2
LH:0
BRF:0
BRH:0
end_of_record
TN:
SF:src/pages/ProjectSchedulePage/component/DnD/Draggable.tsx
FN:27,Draggable
FNF:1
FNH:0
FNDA:0,Draggable
DA:26,0
DA:41,0
DA:74,0
LF:3
LH:0
BRDA:44,0,0,0
BRDA:44,0,1,0
BRDA:45,1,0,0
BRDA:45,1,1,0
BRDA:46,2,0,0
BRDA:46,2,1,0
BRDA:51,3,0,0
BRDA:51,3,1,0
BRDA:52,4,0,0
BRDA:52,4,1,0
BRDA:60,5,0,0
BRDA:60,5,1,0
BRDA:61,6,0,0
BRDA:61,6,1,0
BRF:14
BRH:0
end_of_record
TN:
SF:src/pages/ProjectSchedulePage/component/DnD/DraggableItem.tsx
FN:14,DraggableItem
FNF:1
FNH:0
FNDA:0,DraggableItem
DA:15,0
DA:20,0
DA:21,0
LF:3
LH:0
BRDA:14,0,0,0
BRDA:20,1,0,0
BRDA:20,1,1,0
BRF:3
BRH:0
end_of_record
TN:
SF:src/pages/ProjectSchedulePage/component/DnD/DraggableOverlay.tsx
FN:9,(anonymous_0)
FN:21,(anonymous_1)
FN:46,(anonymous_2)
FN:57,DraggableOverlay
FN:63,(anonymous_4)
FNF:5
FNH:0
FNDA:0,(anonymous_0)
FNDA:0,(anonymous_1)
FNDA:0,(anonymous_2)
FNDA:0,DraggableOverlay
FNDA:0,(anonymous_4)
DA:8,0
DA:10,0
DA:22,0
DA:24,0
DA:26,0
DA:27,0
DA:46,0
DA:47,0
DA:62,0
DA:63,0
DA:64,0
DA:68,0
DA:71,0
LF:13
LH:0
BRDA:26,0,0,0
BRDA:26,0,1,0
BRDA:58,1,0,0
BRDA:74,2,0,0
BRDA:74,2,1,0
BRF:5
BRH:0
end_of_record
TN:
SF:src/pages/ProjectSchedulePage/component/DnD/Droppable.tsx
FN:17,(anonymous_0)
FN:19,(anonymous_1)
FN:55,(anonymous_2)
FN:62,(anonymous_3)
FN:77,(anonymous_4)
FN:105,(anonymous_5)
FN:106,(anonymous_6)
FN:179,(anonymous_7)
FNF:8
FNH:0
FNDA:0,(anonymous_0)
FNDA:0,(anonymous_1)
FNDA:0,(anonymous_2)
FNDA:0,(anonymous_3)
FNDA:0,(anonymous_4)
FNDA:0,(anonymous_5)
FNDA:0,(anonymous_6)
FNDA:0,(anonymous_7)
DA:17,0
DA:18,0
DA:19,0
DA:39,0
DA:43,0
DA:55,0
DA:62,0
DA:63,0
DA:68,0
DA:77,0
DA:102,0
DA:105,0
DA:106,0
DA:123,0
DA:166,0
DA:179,0
LF:16
LH:0
BRDA:17,0,0,0
BRDA:17,1,0,0
BRDA:51,2,0,0
BRDA:51,2,1,0
BRDA:55,3,0,0
BRDA:55,3,1,0
BRDA:108,4,0,0
BRDA:108,4,1,0
BRDA:109,5,0,0
BRDA:109,5,1,0
BRDA:110,6,0,0
BRDA:110,6,1,0
BRF:12
BRH:0
end_of_record
TN:
SF:src/pages/ProjectSchedulePage/component/molecules/RadioButtonDate/index.tsx
FN:36,(anonymous_0)
FN:47,(anonymous_1)
FN:51,(anonymous_2)
FNF:3
FNH:0
FNDA:0,(anonymous_0)
FNDA:0,(anonymous_1)
FNDA:0,(anonymous_2)
DA:12,0
DA:36,0
DA:42,0
DA:47,0
DA:52,0
LF:5
LH:0
BRF:0
BRH:0
end_of_record
TN:
SF:src/pages/ProjectSchedulePage/component/molecules/TimelineTable/Header.tsx
FN:13,(anonymous_0)
FN:18,(anonymous_1)
FN:37,(anonymous_2)
FN:47,(anonymous_3)
FN:63,(anonymous_4)
FNF:5
FNH:0
FNDA:0,(anonymous_0)
FNDA:0,(anonymous_1)
FNDA:0,(anonymous_2)
FNDA:0,(anonymous_3)
FNDA:0,(anonymous_4)
DA:13,0
DA:15,0
DA:16,0
DA:18,0
DA:19,0
DA:20,0
DA:21,0
DA:22,0
DA:23,0
DA:24,0
DA:28,0
DA:38,0
DA:40,0
DA:48,0
DA:62,0
DA:63,0
LF:16
LH:0
BRDA:19,0,0,0
BRDA:19,0,1,0
BRDA:38,1,0,0
BRDA:38,1,1,0
BRF:4
BRH:0
end_of_record
TN:
SF:src/pages/ProjectSchedulePage/component/molecules/TimelineTable/Row.tsx
FN:19,(anonymous_0)
FN:38,(anonymous_1)
FNF:2
FNH:0
FNDA:0,(anonymous_0)
FNDA:0,(anonymous_1)
DA:19,0
DA:21,0
DA:22,0
DA:23,0
DA:25,0
DA:26,0
DA:29,0
DA:40,0
LF:8
LH:0
BRF:0
BRH:0
end_of_record
TN:
SF:src/pages/ProjectSchedulePage/component/molecules/TimelineTable/index.tsx
FNF:0
FNH:0
DA:4,0
LF:1
LH:0
BRF:0
BRH:0
end_of_record
TN:
SF:src/pages/ProjectSchedulePage/component/molecules/TimelineTable/TeamMember/index.tsx
FN:15,(anonymous_0)
FN:27,(anonymous_1)
FN:45,(anonymous_2)
FNF:3
FNH:0
FNDA:0,(anonymous_0)
FNDA:0,(anonymous_1)
FNDA:0,(anonymous_2)
DA:15,0
DA:17,0
DA:28,0
DA:44,0
DA:45,0
LF:5
LH:0
BRF:0
BRH:0
end_of_record
TN:
SF:src/pages/ProjectSchedulePage/component/templates/ScheduleTimeline/index.tsx
FN:22,(anonymous_0)
FN:29,(anonymous_1)
FN:30,(anonymous_2)
FN:31,(anonymous_3)
FN:37,(anonymous_4)
FN:38,(anonymous_5)
FN:40,(anonymous_6)
FN:81,(anonymous_7)
FN:81,(anonymous_8)
FN:87,(anonymous_9)
FN:90,(anonymous_10)
FN:111,(anonymous_11)
FN:119,(anonymous_12)
FN:127,(anonymous_13)
FN:137,(anonymous_14)
FNF:15
FNH:0
FNDA:0,(anonymous_0)
FNDA:0,(anonymous_1)
FNDA:0,(anonymous_2)
FNDA:0,(anonymous_3)
FNDA:0,(anonymous_4)
FNDA:0,(anonymous_5)
FNDA:0,(anonymous_6)
FNDA:0,(anonymous_7)
FNDA:0,(anonymous_8)
FNDA:0,(anonymous_9)
FNDA:0,(anonymous_10)
FNDA:0,(anonymous_11)
FNDA:0,(anonymous_12)
FNDA:0,(anonymous_13)
FNDA:0,(anonymous_14)
DA:22,0
DA:25,0
DA:26,0
DA:27,0
DA:29,0
DA:30,0
DA:31,0
DA:32,0
DA:34,0
DA:37,0
DA:38,0
DA:40,0
DA:42,0
DA:43,0
DA:44,0
DA:45,0
DA:46,0
DA:48,0
DA:49,0
DA:50,0
DA:52,0
DA:55,0
DA:58,0
DA:64,0
DA:72,0
DA:79,0
DA:81,0
DA:87,0
DA:90,0
DA:92,0
DA:93,0
DA:104,0
DA:111,0
DA:120,0
DA:130,0
DA:138,0
DA:188,0
LF:37
LH:0
BRDA:32,0,0,0
BRDA:32,0,1,0
BRDA:37,1,0,0
BRDA:37,1,1,0
BRDA:38,2,0,0
BRDA:38,2,1,0
BRF:6
BRH:0
end_of_record
TN:
SF:src/pages/ProjectSchedulePage/services/types/scheduleTimeline.ts
FNF:0
FNH:0
LF:0
LH:0
BRF:0
BRH:0
end_of_record
TN:
SF:src/services/request.ts
FNF:0
FNH:0
DA:4,0
LF:1
LH:0
BRF:0
BRH:0
end_of_record
TN:
SF:src/store/hooks.ts
FNF:0
FNH:0
DA:5,0
DA:6,0
LF:2
LH:0
BRF:0
BRH:0
end_of_record
TN:
SF:src/store/index.ts
FN:9,(anonymous_0)
FNF:1
FNH:0
FNDA:0,(anonymous_0)
DA:6,0
DA:7,0
DA:10,0
DA:14,0
LF:4
LH:0
BRF:0
BRH:0
end_of_record
TN:
SF:src/store/root/index.ts
FNF:0
FNH:0
LF:0
LH:0
BRF:0
BRH:0
end_of_record
TN:
SF:src/store/root/reducers.ts
FNF:0
FNH:0
DA:2,0
LF:1
LH:0
BRF:0
BRH:0
end_of_record
TN:
SF:src/store/root/sagas.ts
FN:3,rootSaga
FNF:1
FNH:0
FNDA:0,rootSaga
DA:4,0
LF:1
LH:0
BRF:0
BRH:0
end_of_record
TN:
SF:src/types/date.ts
FNF:0
FNH:0
LF:0
LH:0
BRF:0
BRH:0
end_of_record
TN:
SF:src/utils/constants.ts
FNF:0
FNH:0
DA:3,1
DA:5,1
LF:2
LH:2
BRF:0
BRH:0
end_of_record
TN:
SF:src/utils/date.ts
FN:9,(anonymous_0)
FN:20,(anonymous_1)
FNF:2
FNH:1
FNDA:0,(anonymous_0)
FNDA:4,(anonymous_1)
DA:9,1
DA:10,0
DA:20,1
DA:21,4
DA:23,3
DA:25,2
DA:26,2
DA:28,2
DA:29,6
DA:30,6
DA:33,2
LF:11
LH:10
BRDA:21,0,0,1
BRDA:21,0,1,3
BRDA:23,1,0,1
BRDA:23,1,1,2
BRDA:30,2,0,6
BRDA:30,2,1,3
BRDA:30,3,0,6
BRDA:30,3,1,6
BRF:8
BRH:8
end_of_record
TN:
SF:src/utils/sorts.ts
FNF:0
FNH:0
LF:0
LH:0
BRF:0
BRH:0
end_of_record
